  ChernobylPlant.cpp
C:\Projects\Chernobyl\Chernobyl\Chernobyl\src\ChernobylEngine\Timer\Time.h(10,41): warning C4251: 'Chernobyl::Time::TimePast': class 'std::chrono::duration<double,std::ratio<1,1>>' needs to have dll-interface to be used by clients of class 'Chernobyl::Time'
C:\Program Files (x86)\Microsoft Visual Studio\2019\Community\VC\Tools\MSVC\14.28.29333\include\chrono(633): message : see declaration of 'std::chrono::duration<double,std::ratio<1,1>>'
C:\Projects\Chernobyl\Chernobyl\Chernobyl\src\ChernobylEngine\Timer\Time.h(11,42): warning C4251: 'Chernobyl::Time::DeltaTime': class 'std::chrono::duration<double,std::ratio<1,1>>' needs to have dll-interface to be used by clients of class 'Chernobyl::Time'
C:\Program Files (x86)\Microsoft Visual Studio\2019\Community\VC\Tools\MSVC\14.28.29333\include\chrono(633): message : see declaration of 'std::chrono::duration<double,std::ratio<1,1>>'
C:\Projects\Chernobyl\Chernobyl\Chernobyl\src\ChernobylEngine\Timer\Time.h(22,61): warning C4251: 'Chernobyl::Time::EndTime': class 'std::chrono::time_point<std::chrono::system_clock,std::chrono::duration<std::chrono::system_clock::rep,std::chrono::system_clock::period>>' needs to have dll-interface to be used by clients of class 'Chernobyl::Time'
C:\Program Files (x86)\Microsoft Visual Studio\2019\Community\VC\Tools\MSVC\14.28.29333\include\chrono(583): message : see declaration of 'std::chrono::time_point<std::chrono::system_clock,std::chrono::duration<std::chrono::system_clock::rep,std::chrono::system_clock::period>>'
C:\Projects\Chernobyl\Chernobyl\Chernobyl\src\ChernobylEngine\Timer\Time.h(23,63): warning C4251: 'Chernobyl::Time::StartTime': class 'std::chrono::time_point<std::chrono::system_clock,std::chrono::duration<std::chrono::system_clock::rep,std::chrono::system_clock::period>>' needs to have dll-interface to be used by clients of class 'Chernobyl::Time'
C:\Program Files (x86)\Microsoft Visual Studio\2019\Community\VC\Tools\MSVC\14.28.29333\include\chrono(583): message : see declaration of 'std::chrono::time_point<std::chrono::system_clock,std::chrono::duration<std::chrono::system_clock::rep,std::chrono::system_clock::period>>'
C:\Projects\Chernobyl\Chernobyl\Chernobyl\src\ChernobylEngine\Timer\Time.h(24,63): warning C4251: 'Chernobyl::Time::InitClock': class 'std::chrono::time_point<std::chrono::system_clock,std::chrono::duration<std::chrono::system_clock::rep,std::chrono::system_clock::period>>' needs to have dll-interface to be used by clients of class 'Chernobyl::Time'
C:\Program Files (x86)\Microsoft Visual Studio\2019\Community\VC\Tools\MSVC\14.28.29333\include\chrono(583): message : see declaration of 'std::chrono::time_point<std::chrono::system_clock,std::chrono::duration<std::chrono::system_clock::rep,std::chrono::system_clock::period>>'
C:\Projects\Chernobyl\Chernobyl\Chernobyl\src\ChernobylEngine\DataModels\Trade.h(9,22): warning C4251: 'Chernobyl::Trade::symbol': class 'std::basic_string<char,std::char_traits<char>,std::allocator<char>>' needs to have dll-interface to be used by clients of class 'Chernobyl::Trade'
C:\Program Files (x86)\Microsoft Visual Studio\2019\Community\VC\Tools\MSVC\14.28.29333\include\xstring(4648): message : see declaration of 'std::basic_string<char,std::char_traits<char>,std::allocator<char>>'
C:\Projects\Chernobyl\Chernobyl\Chernobyl\src\ChernobylEngine\DataModels\Trade.h(10,25): warning C4251: 'Chernobyl::Trade::lastPrice': class 'std::basic_string<char,std::char_traits<char>,std::allocator<char>>' needs to have dll-interface to be used by clients of class 'Chernobyl::Trade'
C:\Program Files (x86)\Microsoft Visual Studio\2019\Community\VC\Tools\MSVC\14.28.29333\include\xstring(4648): message : see declaration of 'std::basic_string<char,std::char_traits<char>,std::allocator<char>>'
C:\Projects\Chernobyl\Chernobyl\Chernobyl\src\ChernobylEngine\DataModels\Trade.h(11,25): warning C4251: 'Chernobyl::Trade::timeStamp': class 'std::basic_string<char,std::char_traits<char>,std::allocator<char>>' needs to have dll-interface to be used by clients of class 'Chernobyl::Trade'
C:\Program Files (x86)\Microsoft Visual Studio\2019\Community\VC\Tools\MSVC\14.28.29333\include\xstring(4648): message : see declaration of 'std::basic_string<char,std::char_traits<char>,std::allocator<char>>'
C:\Projects\Chernobyl\Chernobyl\Chernobyl\src\ChernobylEngine\DataModels\Trade.h(12,22): warning C4251: 'Chernobyl::Trade::volume': class 'std::basic_string<char,std::char_traits<char>,std::allocator<char>>' needs to have dll-interface to be used by clients of class 'Chernobyl::Trade'
C:\Program Files (x86)\Microsoft Visual Studio\2019\Community\VC\Tools\MSVC\14.28.29333\include\xstring(4648): message : see declaration of 'std::basic_string<char,std::char_traits<char>,std::allocator<char>>'
C:\Projects\Chernobyl\Chernobyl\Chernobyl\src\ChernobylEngine\DataModels\Trade.h(13,31): warning C4251: 'Chernobyl::Trade::tradeConditions': class 'std::basic_string<char,std::char_traits<char>,std::allocator<char>>' needs to have dll-interface to be used by clients of class 'Chernobyl::Trade'
C:\Program Files (x86)\Microsoft Visual Studio\2019\Community\VC\Tools\MSVC\14.28.29333\include\xstring(4648): message : see declaration of 'std::basic_string<char,std::char_traits<char>,std::allocator<char>>'
C:\SDK\vcpkg-master\installed\x64-windows\include\websocketpp\frame.hpp(834,25): warning C4267: '=': conversion from 'size_t' to 'uint32_t', possible loss of data
C:\SDK\vcpkg-master\installed\x64-windows\include\websocketpp\common\md5.hpp(367,34): warning C4267: '+=': conversion from 'size_t' to 'websocketpp::md5::md5_word_t', possible loss of data
C:\SDK\vcpkg-master\installed\x64-windows\include\websocketpp\sha1\sha1.hpp(176,28): warning C4267: '=': conversion from 'size_t' to 'unsigned int', possible loss of data
C:\Projects\Chernobyl\Chernobyl\Chernobyl\src\ChernobylEngine\DataModels\Quote.h(25,21): warning C4251: 'Chernobyl::Quote::symbol': class 'std::basic_string<char,std::char_traits<char>,std::allocator<char>>' needs to have dll-interface to be used by clients of class 'Chernobyl::Quote'
C:\Program Files (x86)\Microsoft Visual Studio\2019\Community\VC\Tools\MSVC\14.28.29333\include\xstring(4648): message : see declaration of 'std::basic_string<char,std::char_traits<char>,std::allocator<char>>'
C:\Projects\Chernobyl\Chernobyl\Chernobyl\src\ChernobylEngine\DataModels\Quote.h(43,33): warning C4251: 'Chernobyl::Quote::tradeStream': class 'std::vector<Chernobyl::Trade,std::allocator<Chernobyl::Trade>>' needs to have dll-interface to be used by clients of class 'Chernobyl::Quote'
C:\Projects\Chernobyl\Chernobyl\Chernobyl\src\ChernobylEngine\DataModels\Quote.h(43): message : see declaration of 'std::vector<Chernobyl::Trade,std::allocator<Chernobyl::Trade>>'
C:\Projects\Chernobyl\Chernobyl\Chernobyl\src\ChernobylEngine\DataModels\Quote.h(57,51): warning C4244: '=': conversion from 'double' to 'float', possible loss of data
C:\Projects\Chernobyl\Chernobyl\Chernobyl\src\ChernobylEngine\DataModels\Quote.h(58,51): warning C4244: '=': conversion from 'double' to 'float', possible loss of data
C:\Projects\Chernobyl\Chernobyl\Chernobyl\src\ChernobylEngine\DataModels\Quote.h(59,50): warning C4244: '=': conversion from 'double' to 'float', possible loss of data
C:\Projects\Chernobyl\Chernobyl\Chernobyl\src\ChernobylEngine\DataModels\Quote.h(60,54): warning C4244: '=': conversion from 'double' to 'float', possible loss of data
C:\Projects\Chernobyl\Chernobyl\Chernobyl\src\ChernobylEngine\DataModels\Quote.h(61,61): warning C4244: '=': conversion from 'double' to 'float', possible loss of data
C:\Projects\Chernobyl\Chernobyl\Chernobyl\src\ChernobylEngine\Application\TradingApplication.h(12,45): warning C4251: 'Chernobyl::TradingApplication::Subscription': class 'std::map<std::string,Chernobyl::Quote *,std::less<std::string>,std::allocator<std::pair<const std::string,Chernobyl::Quote *>>>' needs to have dll-interface to be used by clients of class 'Chernobyl::TradingApplication'
C:\Projects\Chernobyl\Chernobyl\Chernobyl\src\ChernobylEngine\Application\TradingApplication.h(12): message : see declaration of 'std::map<std::string,Chernobyl::Quote *,std::less<std::string>,std::allocator<std::pair<const std::string,Chernobyl::Quote *>>>'
C:\Projects\Chernobyl\Chernobyl\Chernobyl\src\ChernobylEngine\Application\TradingApplication.h(15,21): warning C4251: 'Chernobyl::TradingApplication::symbol': class 'std::basic_string<char,std::char_traits<char>,std::allocator<char>>' needs to have dll-interface to be used by clients of class 'Chernobyl::TradingApplication'
C:\Program Files (x86)\Microsoft Visual Studio\2019\Community\VC\Tools\MSVC\14.28.29333\include\xstring(4648): message : see declaration of 'std::basic_string<char,std::char_traits<char>,std::allocator<char>>'
C:\Projects\Chernobyl\Chernobyl\Chernobyl\src\ChernobylEngine\Application\TradingApplication.h(52,64): warning C4251: 'Chernobyl::TradingApplication::onTradeRecievedBindings': class 'std::map<std::string,void (__cdecl *)(Chernobyl::Trade),std::less<std::string>,std::allocator<std::pair<const std::string,void (__cdecl *)(Chernobyl::Trade)>>>' needs to have dll-interface to be used by clients of class 'Chernobyl::TradingApplication'
C:\Projects\Chernobyl\Chernobyl\Chernobyl\src\ChernobylEngine\Application\TradingApplication.h(52): message : see declaration of 'std::map<std::string,void (__cdecl *)(Chernobyl::Trade),std::less<std::string>,std::allocator<std::pair<const std::string,void (__cdecl *)(Chernobyl::Trade)>>>'
C:\Projects\Chernobyl\Chernobyl\Chernobyl\src\ChernobylEngine\Application\TradingApplication.h(53,71): warning C4251: 'Chernobyl::TradingApplication::everyTimeAmountBinding': class 'std::map<std::string,std::vector<void (__cdecl *)(void),std::allocator<void (__cdecl *)(void)>>,std::less<std::string>,std::allocator<std::pair<const std::string,std::vector<void (__cdecl *)(void),std::allocator<void (__cdecl *)(void)>>>>>' needs to have dll-interface to be used by clients of class 'Chernobyl::TradingApplication'
C:\Projects\Chernobyl\Chernobyl\Chernobyl\src\ChernobylEngine\Application\TradingApplication.h(53): message : see declaration of 'std::map<std::string,std::vector<void (__cdecl *)(void),std::allocator<void (__cdecl *)(void)>>,std::less<std::string>,std::allocator<std::pair<const std::string,std::vector<void (__cdecl *)(void),std::allocator<void (__cdecl *)(void)>>>>>'
C:\Projects\Chernobyl\Chernobyl\Chernobyl\src\ChernobylEngine\Application\TradingApplication.h(54,71): warning C4251: 'Chernobyl::TradingApplication::afterTimeAmountBinding': class 'std::map<std::string,std::vector<void (__cdecl *)(void),std::allocator<void (__cdecl *)(void)>>,std::less<std::string>,std::allocator<std::pair<const std::string,std::vector<void (__cdecl *)(void),std::allocator<void (__cdecl *)(void)>>>>>' needs to have dll-interface to be used by clients of class 'Chernobyl::TradingApplication'
C:\Projects\Chernobyl\Chernobyl\Chernobyl\src\ChernobylEngine\Application\TradingApplication.h(53): message : see declaration of 'std::map<std::string,std::vector<void (__cdecl *)(void),std::allocator<void (__cdecl *)(void)>>,std::less<std::string>,std::allocator<std::pair<const std::string,std::vector<void (__cdecl *)(void),std::allocator<void (__cdecl *)(void)>>>>>'
C:\Projects\Chernobyl\Chernobyl\Chernobyl\src\ChernobylEngine\Application\TradingApplication.h(55,42): warning C4251: 'Chernobyl::TradingApplication::UNIVERSAL_RECEIVED_BINDING': class 'std::basic_string<char,std::char_traits<char>,std::allocator<char>>' needs to have dll-interface to be used by clients of class 'Chernobyl::TradingApplication'
C:\Program Files (x86)\Microsoft Visual Studio\2019\Community\VC\Tools\MSVC\14.28.29333\include\xstring(4648): message : see declaration of 'std::basic_string<char,std::char_traits<char>,std::allocator<char>>'
C:\Projects\Chernobyl\Chernobyl\Chernobyl\src\ChernobylEngine\Application\TradingApplication.h(57,42): warning C4251: 'Chernobyl::TradingApplication::timeAmountValues': class 'std::set<std::string,std::less<std::string>,std::allocator<std::string>>' needs to have dll-interface to be used by clients of class 'Chernobyl::TradingApplication'
C:\Projects\Chernobyl\Chernobyl\Chernobyl\src\ChernobylEngine\Application\TradingApplication.h(57): message : see declaration of 'std::set<std::string,std::less<std::string>,std::allocator<std::string>>'
C:\Projects\Chernobyl\Chernobyl\Chernobyl\src\ChernobylEngine\Application\TrainingApplication.h(14,58): warning C4251: 'Chernobyl::TrainingApplication::subscription': class 'std::map<std::string,std::vector<Chernobyl::Candle,std::allocator<Chernobyl::Candle>>,std::less<std::string>,std::allocator<std::pair<const std::string,std::vector<Chernobyl::Candle,std::allocator<Chernobyl::Candle>>>>>' needs to have dll-interface to be used by clients of class 'Chernobyl::TrainingApplication'
C:\Projects\Chernobyl\Chernobyl\Chernobyl\src\ChernobylEngine\Application\TrainingApplication.h(14): message : see declaration of 'std::map<std::string,std::vector<Chernobyl::Candle,std::allocator<Chernobyl::Candle>>,std::less<std::string>,std::allocator<std::pair<const std::string,std::vector<Chernobyl::Candle,std::allocator<Chernobyl::Candle>>>>>'
  Chernobyl.vcxproj -> C:\Projects\Chernobyl\Chernobyl\bin\x64-Debug\Chernobyl\Chernobyl.exe
