  Quote.cpp
C:\Projects\Chernobyl\Chernobyl\Chernobyl\src\ChernobylEngine\DataModels\Trade.h(9,22): warning C4251: 'Chernobyl::Trade::symbol': class 'std::basic_string<char,std::char_traits<char>,std::allocator<char>>' needs to have dll-interface to be used by clients of class 'Chernobyl::Trade'
C:\Program Files (x86)\Microsoft Visual Studio\2019\Community\VC\Tools\MSVC\14.28.29333\include\xstring(4648): message : see declaration of 'std::basic_string<char,std::char_traits<char>,std::allocator<char>>'
C:\Projects\Chernobyl\Chernobyl\Chernobyl\src\ChernobylEngine\DataModels\Trade.h(10,25): warning C4251: 'Chernobyl::Trade::lastPrice': class 'std::basic_string<char,std::char_traits<char>,std::allocator<char>>' needs to have dll-interface to be used by clients of class 'Chernobyl::Trade'
C:\Program Files (x86)\Microsoft Visual Studio\2019\Community\VC\Tools\MSVC\14.28.29333\include\xstring(4648): message : see declaration of 'std::basic_string<char,std::char_traits<char>,std::allocator<char>>'
C:\Projects\Chernobyl\Chernobyl\Chernobyl\src\ChernobylEngine\DataModels\Trade.h(11,25): warning C4251: 'Chernobyl::Trade::timeStamp': class 'std::basic_string<char,std::char_traits<char>,std::allocator<char>>' needs to have dll-interface to be used by clients of class 'Chernobyl::Trade'
C:\Program Files (x86)\Microsoft Visual Studio\2019\Community\VC\Tools\MSVC\14.28.29333\include\xstring(4648): message : see declaration of 'std::basic_string<char,std::char_traits<char>,std::allocator<char>>'
C:\Projects\Chernobyl\Chernobyl\Chernobyl\src\ChernobylEngine\DataModels\Trade.h(12,22): warning C4251: 'Chernobyl::Trade::volume': class 'std::basic_string<char,std::char_traits<char>,std::allocator<char>>' needs to have dll-interface to be used by clients of class 'Chernobyl::Trade'
C:\Program Files (x86)\Microsoft Visual Studio\2019\Community\VC\Tools\MSVC\14.28.29333\include\xstring(4648): message : see declaration of 'std::basic_string<char,std::char_traits<char>,std::allocator<char>>'
C:\Projects\Chernobyl\Chernobyl\Chernobyl\src\ChernobylEngine\DataModels\Trade.h(13,31): warning C4251: 'Chernobyl::Trade::tradeConditions': class 'std::basic_string<char,std::char_traits<char>,std::allocator<char>>' needs to have dll-interface to be used by clients of class 'Chernobyl::Trade'
C:\Program Files (x86)\Microsoft Visual Studio\2019\Community\VC\Tools\MSVC\14.28.29333\include\xstring(4648): message : see declaration of 'std::basic_string<char,std::char_traits<char>,std::allocator<char>>'
C:\Projects\Chernobyl\Chernobyl\Chernobyl\src\ChernobylEngine\DataModels\Quote.h(5,10): fatal error C1083: Cannot open include file: 'cpprest/ws_client.h': No such file or directory
  ChernobylPlant.cpp
C:\Projects\Chernobyl\Chernobyl\Chernobyl\src\ChernobylEngine\DataModels\Trade.h(9,22): warning C4251: 'Chernobyl::Trade::symbol': class 'std::basic_string<char,std::char_traits<char>,std::allocator<char>>' needs to have dll-interface to be used by clients of class 'Chernobyl::Trade'
C:\Program Files (x86)\Microsoft Visual Studio\2019\Community\VC\Tools\MSVC\14.28.29333\include\xstring(4648): message : see declaration of 'std::basic_string<char,std::char_traits<char>,std::allocator<char>>'
C:\Projects\Chernobyl\Chernobyl\Chernobyl\src\ChernobylEngine\DataModels\Trade.h(10,25): warning C4251: 'Chernobyl::Trade::lastPrice': class 'std::basic_string<char,std::char_traits<char>,std::allocator<char>>' needs to have dll-interface to be used by clients of class 'Chernobyl::Trade'
C:\Program Files (x86)\Microsoft Visual Studio\2019\Community\VC\Tools\MSVC\14.28.29333\include\xstring(4648): message : see declaration of 'std::basic_string<char,std::char_traits<char>,std::allocator<char>>'
C:\Projects\Chernobyl\Chernobyl\Chernobyl\src\ChernobylEngine\DataModels\Trade.h(11,25): warning C4251: 'Chernobyl::Trade::timeStamp': class 'std::basic_string<char,std::char_traits<char>,std::allocator<char>>' needs to have dll-interface to be used by clients of class 'Chernobyl::Trade'
C:\Program Files (x86)\Microsoft Visual Studio\2019\Community\VC\Tools\MSVC\14.28.29333\include\xstring(4648): message : see declaration of 'std::basic_string<char,std::char_traits<char>,std::allocator<char>>'
C:\Projects\Chernobyl\Chernobyl\Chernobyl\src\ChernobylEngine\DataModels\Trade.h(12,22): warning C4251: 'Chernobyl::Trade::volume': class 'std::basic_string<char,std::char_traits<char>,std::allocator<char>>' needs to have dll-interface to be used by clients of class 'Chernobyl::Trade'
C:\Program Files (x86)\Microsoft Visual Studio\2019\Community\VC\Tools\MSVC\14.28.29333\include\xstring(4648): message : see declaration of 'std::basic_string<char,std::char_traits<char>,std::allocator<char>>'
C:\Projects\Chernobyl\Chernobyl\Chernobyl\src\ChernobylEngine\DataModels\Trade.h(13,31): warning C4251: 'Chernobyl::Trade::tradeConditions': class 'std::basic_string<char,std::char_traits<char>,std::allocator<char>>' needs to have dll-interface to be used by clients of class 'Chernobyl::Trade'
C:\Program Files (x86)\Microsoft Visual Studio\2019\Community\VC\Tools\MSVC\14.28.29333\include\xstring(4648): message : see declaration of 'std::basic_string<char,std::char_traits<char>,std::allocator<char>>'
C:\Projects\Chernobyl\Chernobyl\Chernobyl\src\ChernobylEngine\DataModels\Quote.h(5,10): fatal error C1083: Cannot open include file: 'cpprest/ws_client.h': No such file or directory
  Generating Code...
